1431302157.020095 4210604884us tsft 1.0 Mb/s 2412 MHz 11g -81dB signal [bit 29] BSSID:ff:ff:ff:ff:ff:ff DA:ff:ff:ff:ff:ff:ff SA:84:a6:c8:f5:69:b4 Probe Request (Big Panda) [1.0 2.0 5.5 11.0 6.0 9.0 12.0 18.0 Mbit]
1431302157.020955 4210605811us tsft 1.0 Mb/s 2412 MHz 11g -82dB signal [bit 29] BSSID:ff:ff:ff:ff:ff:ff DA:ff:ff:ff:ff:ff:ff SA:84:a6:c8:f5:69:b4 Probe Request () [1.0 2.0 5.5 11.0 6.0 9.0 12.0 18.0 Mbit]
1431302157.194848 4210779035us tsft 1.0 Mb/s 2412 MHz 11g -81dB signal [bit 29] BSSID:ff:ff:ff:ff:ff:ff DA:ff:ff:ff:ff:ff:ff SA:60:f8:1d:6a:74:b8 Probe Request (Big Panda) [1.0 2.0 5.5 11.0 Mbit]
1431302159.440165 4213024657us tsft 1.0 Mb/s 2412 MHz 11g -81dB signal [bit 29] BSSID:ff:ff:ff:ff:ff:ff DA:ff:ff:ff:ff:ff:ff SA:00:8e:f2:8e:dc:e7 Probe Request () [1.0 2.0 5.5 11.0 Mbit]
1431302161.423877 4215008169us tsft 1.0 Mb/s 2412 MHz 11g -83dB signal [bit 29] BSSID:ff:ff:ff:ff:ff:ff DA:ff:ff:ff:ff:ff:ff SA:4c:8d:79:18:23:93 Probe Request () [1.0 2.0 5.5 11.0 Mbit]
1431302161.752912 4215337352us tsft 1.0 Mb/s 2412 MHz 11g -82dB signal [bit 29] BSSID:ff:ff:ff:ff:ff:ff DA:ff:ff:ff:ff:ff:ff SA:44:d8:84:a1:cd:4f Probe Request (LilNicks1) [1.0 2.0 5.5 11.0 Mbit]
1431302161.754113 4215338563us tsft 1.0 Mb/s 2412 MHz 11g -82dB signal [bit 29] BSSID:ff:ff:ff:ff:ff:ff DA:ff:ff:ff:ff:ff:ff SA:44:d8:84:a1:cd:4f Probe Request (Browneye) [1.0 2.0 5.5 11.0 Mbit]
1431302161.761424 4215345866us tsft 1.0 Mb/s 2412 MHz 11g -82dB signal [bit 29] BSSID:ff:ff:ff:ff:ff:ff DA:ff:ff:ff:ff:ff:ff SA:44:d8:84:a1:cd:4f Probe Request (ACTIONTEC) [1.0 2.0 5.5 11.0 Mbit]
1431302161.762633 4215347076us tsft 1.0 Mb/s 2412 MHz 11g -81dB signal [bit 29] BSSID:ff:ff:ff:ff:ff:ff DA:ff:ff:ff:ff:ff:ff SA:44:d8:84:a1:cd:4f Probe Request (TheRanch) [1.0 2.0 5.5 11.0 Mbit]
1431302161.763850 4215348279us tsft 1.0 Mb/s 2412 MHz 11g -80dB signal [bit 29] BSSID:ff:ff:ff:ff:ff:ff DA:ff:ff:ff:ff:ff:ff SA:44:d8:84:a1:cd:4f Probe Request (HOME-82B8) [1.0 2.0 5.5 11.0 Mbit]
1431302161.765052 4215349489us tsft 1.0 Mb/s 2412 MHz 11g -82dB signal [bit 29] BSSID:ff:ff:ff:ff:ff:ff DA:ff:ff:ff:ff:ff:ff SA:44:d8:84:a1:cd:4f Probe Request (HOME-E842) [1.0 2.0 5.5 11.0 Mbit]
1431302161.767552 4215351918us tsft 1.0 Mb/s 2412 MHz 11g -82dB signal [bit 29] BSSID:ff:ff:ff:ff:ff:ff DA:ff:ff:ff:ff:ff:ff SA:44:d8:84:a1:cd:4f Probe Request (Noodles Guest Wifi) [1.0 2.0 5.5 11.0 Mbit]
1431302161.768768 4215353201us tsft 1.0 Mb/s 2412 MHz 11g -84dB signal [bit 29] BSSID:ff:ff:ff:ff:ff:ff DA:ff:ff:ff:ff:ff:ff SA:44:d8:84:a1:cd:4f Probe Request (buckwheat) [1.0 2.0 5.5 11.0 Mbit]
1431302165.557530 4219141794us tsft 1.0 Mb/s 2412 MHz 11g -82dB signal [bit 29] BSSID:ff:ff:ff:ff:ff:ff DA:ff:ff:ff:ff:ff:ff SA:b8:09:8a:e4:85:db Probe Request () [1.0 2.0 5.5 11.0 Mbit]
1431302171.230128 4224815391us tsft 2.0 Mb/s 2412 MHz 11g -83dB signal [bit 29] BSSID:ff:ff:ff:ff:ff:ff DA:ff:ff:ff:ff:ff:ff SA:48:02:2a:f0:2e:8e Probe Request () [1.0* 2.0* 5.5* 11.0* 9.0 18.0 36.0 54.0 Mbit]
1431302175.585487 4229169979us tsft 1.0 Mb/s 2412 MHz 11g -83dB signal [bit 29] BSSID:ff:ff:ff:ff:ff:ff DA:ff:ff:ff:ff:ff:ff SA:64:20:0c:5e:09:81 Probe Request () [1.0 2.0 5.5 11.0 Mbit]
1431302175.626900 4229211359us tsft 1.0 Mb/s 2412 MHz 11g -81dB signal [bit 29] BSSID:ff:ff:ff:ff:ff:ff DA:ff:ff:ff:ff:ff:ff SA:64:20:0c:5e:09:81 Probe Request () [1.0 2.0 5.5 11.0 Mbit]
1431302184.900004 4238484499us tsft 1.0 Mb/s 2412 MHz 11g -84dB signal [bit 29] BSSID:ff:ff:ff:ff:ff:ff DA:ff:ff:ff:ff:ff:ff SA:90:b6:86:1e:5c:b4 Probe Request () [1.0 2.0 5.5 11.0 Mbit]
1431302184.919710 4238504197us tsft 1.0 Mb/s 2412 MHz 11g -80dB signal [bit 29] BSSID:ff:ff:ff:ff:ff:ff DA:ff:ff:ff:ff:ff:ff SA:90:b6:86:1e:5c:b4 Probe Request () [1.0 2.0 5.5 11.0 Mbit]
1431302184.942450 4238526944us tsft 1.0 Mb/s 2412 MHz 11g -81dB signal [bit 29] BSSID:ff:ff:ff:ff:ff:ff DA:ff:ff:ff:ff:ff:ff SA:90:b6:86:1e:5c:b4 Probe Request () [1.0 2.0 5.5 11.0 Mbit]
1431302187.348800 4240933541us tsft 1.0 Mb/s 2412 MHz 11g -80dB signal [bit 29] BSSID:ff:ff:ff:ff:ff:ff DA:ff:ff:ff:ff:ff:ff SA:6c:ad:f8:fb:a8:d1 Probe Request (martwireless) [1.0 2.0 5.5 6.0 9.0 11.0 12.0 18.0 Mbit]
1431302187.349899 4240934628us tsft 1.0 Mb/s 2412 MHz 11g -83dB signal [bit 29] BSSID:ff:ff:ff:ff:ff:ff DA:ff:ff:ff:ff:ff:ff SA:6c:ad:f8:fb:a8:d1 Probe Request (martwireless) [1.0 2.0 5.5 6.0 9.0 11.0 12.0 18.0 Mbit]
1431302187.350836 4240935573us tsft 1.0 Mb/s 2412 MHz 11g -82dB signal [bit 29] BSSID:ff:ff:ff:ff:ff:ff DA:ff:ff:ff:ff:ff:ff SA:6c:ad:f8:fb:a8:d1 Probe Request (martwireless) [1.0 2.0 5.5 6.0 9.0 11.0 12.0 18.0 Mbit]
1431302187.351814 4240936546us tsft 1.0 Mb/s 2412 MHz 11g -83dB signal [bit 29] BSSID:ff:ff:ff:ff:ff:ff DA:ff:ff:ff:ff:ff:ff SA:6c:ad:f8:fb:a8:d1 Probe Request (martwireless) [1.0 2.0 5.5 6.0 9.0 11.0 12.0 18.0 Mbit]
1431302194.991615 4248576602us tsft 1.0 Mb/s 2412 MHz 11g -78dB signal [bit 29] BSSID:ff:ff:ff:ff:ff:ff DA:ff:ff:ff:ff:ff:ff SA:00:19:7d:d9:76:a8 Probe Request () [1.0 2.0 5.5 11.0 Mbit]
1431302194.992268 4248577261us tsft 1.0 Mb/s 2412 MHz 11g -82dB signal [bit 29] BSSID:ff:ff:ff:ff:ff:ff DA:ff:ff:ff:ff:ff:ff SA:00:19:7d:d9:76:a8 Probe Request () [1.0 2.0 5.5 11.0 Mbit]
1431302195.413749 4248998649us tsft 1.0 Mb/s 2412 MHz 11g -77dB signal [bit 29] BSSID:ff:ff:ff:ff:ff:ff DA:ff:ff:ff:ff:ff:ff SA:00:19:7d:d9:76:a8 Probe Request (Fireman575) [1.0 2.0 5.5 11.0 Mbit]
1431302195.437755 4249022671us tsft 1.0 Mb/s 2412 MHz 11g -79dB signal [bit 29] BSSID:ff:ff:ff:ff:ff:ff DA:ff:ff:ff:ff:ff:ff SA:00:19:7d:d9:76:a8 Probe Request (Fireman575) [1.0 2.0 5.5 11.0 Mbit]
1431302195.457689 4249042604us tsft 1.0 Mb/s 2412 MHz 11g -81dB signal [bit 29] BSSID:ff:ff:ff:ff:ff:ff DA:ff:ff:ff:ff:ff:ff SA:00:19:7d:d9:76:a8 Probe Request (Fireman575) [1.0 2.0 5.5 11.0 Mbit]
1431302196.386219 4249970499us tsft 1.0 Mb/s 2412 MHz 11g -81dB signal [bit 29] BSSID:ff:ff:ff:ff:ff:ff DA:ff:ff:ff:ff:ff:ff SA:f0:d1:a9:78:a6:e2 Probe Request () [1.0 2.0 5.5 11.0 Mbit]
1431302196.853774 4250438138us tsft 1.0 Mb/s 2412 MHz 11g -49dB signal [bit 29] BSSID:ff:ff:ff:ff:ff:ff DA:ff:ff:ff:ff:ff:ff SA:24:0a:64:df:3d:bd Probe Request () [1.0 2.0 5.5 11.0 Mbit]
1431302196.858618 4250442988us tsft 1.0 Mb/s 2412 MHz 11g -51dB signal [bit 29] BSSID:ff:ff:ff:ff:ff:ff DA:ff:ff:ff:ff:ff:ff SA:24:0a:64:df:3d:bd Probe Request () [1.0 2.0 5.5 11.0 Mbit]
1431302196.870242 4250454671us tsft 1.0 Mb/s 2412 MHz 11g -50dB signal [bit 29] BSSID:ff:ff:ff:ff:ff:ff DA:ff:ff:ff:ff:ff:ff SA:24:0a:64:df:3d:bd Probe Request () [1.0 2.0 5.5 11.0 Mbit]
1431302196.874522 4250458933us tsft 1.0 Mb/s 2412 MHz 11g -52dB signal [bit 29] BSSID:ff:ff:ff:ff:ff:ff DA:ff:ff:ff:ff:ff:ff SA:24:0a:64:df:3d:bd Probe Request () [1.0 2.0 5.5 11.0 Mbit]

