root@OpenWrt:~# iw list
Wiphy phy0
	max # scan SSIDs: 4
	max scan IEs length: 2257 bytes
	Retry short limit: 7
	Retry long limit: 4
	Coverage class: 0 (up to 0m)
	Available Antennas: TX 0 RX 0
	Supported interface modes:
		 * IBSS
		 * managed
		 * AP
		 * AP/VLAN
		 * WDS
		 * monitor
		 * mesh point
	Band 1:
		Capabilities: 0x172
			HT20/HT40
			Static SM Power Save
			RX Greenfield
			RX HT20 SGI
			RX HT40 SGI
			RX STBC 1-stream
			Max AMSDU length: 3839 bytes
			No DSSS/CCK HT40
		Maximum RX AMPDU length 65535 bytes (exponent: 0x003)
		Minimum RX AMPDU time spacing: 2 usec (0x04)
		HT RX MCS rate indexes supported: 0-7, 32
		TX unequal modulation not supported
		HT TX Max spatial streams: 1
		HT TX MCS rate indexes supported may differ
		Frequencies:
			* 2412 MHz [1] (20.0 dBm)
			* 2417 MHz [2] (20.0 dBm)
			* 2422 MHz [3] (20.0 dBm)
			* 2427 MHz [4] (20.0 dBm)
			* 2432 MHz [5] (20.0 dBm)
			* 2437 MHz [6] (20.0 dBm)
			* 2442 MHz [7] (20.0 dBm)
			* 2447 MHz [8] (20.0 dBm)
			* 2452 MHz [9] (20.0 dBm)
			* 2457 MHz [10] (20.0 dBm)
			* 2462 MHz [11] (20.0 dBm)
			* 2467 MHz [12] (20.0 dBm) (no IR)
			* 2472 MHz [13] (20.0 dBm) (no IR)
			* 2484 MHz [14] (20.0 dBm) (no IR)
	valid interface combinations:
		 * #{ managed, AP, mesh point } <= 8,
		   total <= 8, #channels <= 1
	HT Capability overrides:
		 * MCS: ff ff ff ff ff ff ff ff ff ff
		 * maximum A-MSDU length
		 * supported channel width
		 * short GI for 40 MHz
		 * max A-MPDU length exponent
		 * min MPDU start spacing
